<?xml version="1.0" encoding="UTF-8"?>
<testsuite xmlns:xsi="http://www.w3.org/2001/XMLSchema-instance" xsi:noNamespaceSchemaLocation="https://maven.apache.org/surefire/maven-surefire-plugin/xsd/surefire-test-report-3.0.xsd" version="3.0" name="BurgerTest" time="0.691" tests="6" errors="0" skipped="0" failures="0">
  <properties>
[...]
</properties>
  <testcase name="testGetPrice" classname="BurgerTest" time="0.673"/>
  <testcase name="testRemoveIngredient" classname="BurgerTest" time="0.002"/>
  <testcase name="testMoveIngredient" classname="BurgerTest" time="0.003"/>
  <testcase name="testGetReceipt" classname="BurgerTest" time="0.004"/>
  <testcase name="testSetBuns" classname="BurgerTest" time="0.003"/>
  <testcase name="testAddIngredient" classname="BurgerTest" time="0.002"/>
</testsuite>